Mon Mar 20 11:52:31 EDT 2017 : Apache Derby Network Server - 10.11.1.2 - (1629631) started and ready to accept connections on port 1527
----------------------------------------------------------------
Mon Mar 20 11:52:32 EDT 2017:
Booting Derby version The Apache Software Foundation - Apache Derby - 10.11.1.2 - (1629631): instance a816c00e-015a-ec6b-7d41-000026d2ff67 
on database directory F:\.netbeans-derby\Messages with class loader sun.misc.Launcher$AppClassLoader@6f94fa3e 
Loaded from file:/C:/Program%20Files/Java/jdk1.8.0_112/db/lib/derby.jar
java.vendor=Oracle Corporation
java.runtime.version=1.8.0_112-b15
user.dir=C:\Program Files\Java\jdk1.8.0_112\db
os.name=Windows 7
os.arch=amd64
os.version=6.1
derby.system.home=F:\.netbeans-derby
Database Class Loader started - derby.database.classpath=''
----------------------------------------------------------------
Mon Mar 20 11:52:35 EDT 2017:
Shutting down instance a816c00e-015a-ec6b-7d41-000026d2ff67 on database directory F:\.netbeans-derby\Messages with class loader sun.misc.Launcher$AppClassLoader@6f94fa3e 
Mon Mar 20 11:52:35 EDT 2017 Thread[DRDAConnThread_2,5,main] (DATABASE = Messages), (DRDAID = {2}), Database 'Messages' shutdown.
----------------------------------------------------------------
Mon Mar 20 11:52:42 EDT 2017:
Booting Derby version The Apache Software Foundation - Apache Derby - 10.11.1.2 - (1629631): instance a65c80ac-015a-ec6b-7d41-000026d2ff67 
on database directory F:\.netbeans-derby\Messages with class loader sun.misc.Launcher$AppClassLoader@6f94fa3e 
Loaded from file:/C:/Program%20Files/Java/jdk1.8.0_112/db/lib/derby.jar
java.vendor=Oracle Corporation
java.runtime.version=1.8.0_112-b15
user.dir=C:\Program Files\Java\jdk1.8.0_112\db
os.name=Windows 7
os.arch=amd64
os.version=6.1
derby.system.home=F:\.netbeans-derby
Database Class Loader started - derby.database.classpath=''
